Index([u'Sondeur', u'Date', u'Échantillon', u'Abstention', u'Indécis',
       u'Nathalie Arthaud', u'Philippe Poutou', u'Jean-Luc Mélenchon',
       u'Benoît Hamon', u'Emmanuel Macron', u'Jean Lassalle',
       u'François Fillon', u'Nicolas Dupont-Aignan', u'François Asselineau',
       u'Marine Le Pen', u'Jacques Cheminade'],
      dtype='object')
Index([u'Sondeur', u'Date', u'Échantillon', u'Abstention', u'Indécis',
       u'Nathalie Arthaud', u'Philippe Poutou', u'Jean-Luc Mélenchon',
       u'Yannick Jadot', u'Benoît Hamon', u'Emmanuel Macron',
       u'François Bayrou', u'François Fillon', u'Nicolas Dupont-Aignan',
       u'Marine Le Pen', u'Jacques Cheminade'],
      dtype='object')
Index([u'Sondeur', u'Date', u'Échantillon', u'Pourrait changer d'avis',
       u'Nathalie Arthaud', u'Philippe Poutou', u'Jean-Luc Mélenchon',
       u'Yannick Jadot', u'Benoît Hamon', u'Arnaud Montebourg',
       u'Vincent Peillon', u'Manuel Valls', u'Emmanuel Macron',
       u'François Bayrou', u'François Fillon', u'Nicolas Dupont-Aignan',
       u'Marine Le Pen', u'Jacques Cheminade'],
      dtype='object')
Index([u'Sondeur', u'Date', u'Échantillon', u'Jacques Cheminade',
       u'Nathalie Arthaud', u'Philippe Poutou', u'Jean-Luc Mélenchon',
       u'Yannick Jadot', u'Benoît Hamon', u'Arnaud Montebourg',
       u'Manuel Valls', u'Sylvia Pinel', u'Emmanuel Macron',
       u'François Bayrou', u'François Fillon', u'Nicolas Dupont-Aignan',
       u'Marine Le Pen'],
      dtype='object')
Index([u'Sondeur', u'Date', u'Échantillon', u'Jacques Cheminade',
       u'Nathalie Arthaud', u'Philippe Poutou', u'Jean-Luc Mélenchon',
       u'Yannick Jadot', u'Arnaud Montebourg', u'François Hollande',
       u'Manuel Valls', u'Sylvia Pinel', u'Emmanuel Macron',
       u'François Bayrou', u'Alain Juppé', u'François Fillon',
       u'Nicolas Sarkozy', u'Nicolas Dupont-Aignan', u'Marine Le Pen'],
      dtype='object')
Index([u'Sondeur', u'Date', u'Échantillon', u'Jacques Cheminade',
       u'Nathalie Arthaud', u'Philippe Poutou', u'Jean-Luc Mélenchon',
       u'Cécile Duflot', u'Yannick Jadot', u'Arnaud Montebourg',
       u'François Hollande', u'Manuel Valls', u'Emmanuel Macron',
       u'François Bayrou', u'Alain Juppé', u'Nicolas Sarkozy',
       u'Nicolas Dupont-Aignan', u'Marine Le Pen'],
      dtype='object')
Index([u'Sondeur', u'Date', u'Échantillon', u'Jacques Cheminade',
       u'Nathalie Arthaud', u'Philippe Poutou', u'Jean-Luc Mélenchon',
       u'Cécile Duflot', u'Arnaud Montebourg', u'François Hollande',
       u'Manuel Valls', u'Emmanuel Macron', u'François Bayrou', u'Alain Juppé',
       u'Bruno Le Maire', u'François Fillon', u'Nicolas Sarkozy',
       u'Nicolas Dupont-Aignan', u'Marine Le Pen'],
      dtype='object')
Index([u'Sondeur', u'Date', u'Échantillon', u'Nathalie Arthaud',
       u'Philippe Poutou', u'Jean-Luc Mélenchon', u'Cécile Duflot',
       u'François Hollande', u'François Bayrou', u'Alain Juppé',
       u'Nicolas Sarkozy', u'Nicolas Dupont-Aignan', u'Marine Le Pen'],
      dtype='object')
Index([u'Sondeur', u'Date', u'Échantillon', u'Jacques Cheminade',
       u'Nathalie Arthaud', u'Philippe Poutou', u'Jean-Luc Mélenchon',
       u'Cécile Duflot', u'Nicolas Hulot', u'Arnaud Montebourg',
       u'François Hollande', u'Emmanuel Macron', u'François Bayrou',
       u'Jean Lassalle', u'Rama Yade', u'Alain Juppé', u'Bruno Le Maire',
       u'François Fillon', u'Nicolas Sarkozy', u'Nicolas Dupont-Aignan',
       u'François Asselineau', u'Marine Le Pen'],
      dtype='object')
Index([u'Sondeur', u'Date', u'Échantillon', u'Nathalie Arthaud',
       u'Philippe Poutou', u'Jean-Luc Mélenchon', u'Cécile Duflot',
       u'François Hollande', u'François Bayrou', u'Alain Juppé',
       u'Bruno Le Maire', u'François Fillon', u'Nicolas Sarkozy',
       u'Nicolas Dupont-Aignan', u'Marine Le Pen'],
      dtype='object')
Index([u'Sondeur', u'Date', u'Échantillon', u'Jacques Cheminade',
       u'Nathalie Arthaud', u'Philippe Poutou', u'Jean-Luc Mélenchon',
       u'Cécile Duflot', u'Nicolas Hulot', u'Arnaud Montebourg',
       u'François Hollande', u'Manuel Valls', u'Emmanuel Macron',
       u'François Bayrou', u'Alain Juppé', u'Bruno Le Maire',
       u'François Fillon', u'Nicolas Sarkozy', u'Nicolas Dupont-Aignan',
       u'Marine Le Pen'],
      dtype='object')
Index([u'Sondeur', u'Date', u'Échantillon', u'Nathalie Arthaud',
       u'Philippe Poutou', u'Jean-Luc Mélenchon', u'Cécile Duflot',
       u'François Hollande', u'Emmanuel Macron', u'François Bayrou',
       u'Alain Juppé', u'Nicolas Sarkozy', u'Nicolas Dupont-Aignan',
       u'Marine Le Pen'],
      dtype='object')
Index([u'Sondeur', u'Date', u'Échantillon', u'Nathalie Arthaud',
       u'Philippe Poutou', u'Jean-Luc Mélenchon', u'Cécile Duflot',
       u'François Hollande', u'François Bayrou', u'Alain Juppé',
       u'Bruno Le Maire', u'François Fillon', u'Nicolas Sarkozy',
       u'Nicolas Dupont-Aignan', u'Marine Le Pen'],
      dtype='object')
Index([u'Sondeur', u'Date', u'Échantillon', u'Nathalie Arthaud',
       u'Philippe Poutou', u'Jean-Luc Mélenchon', u'Cécile Duflot',
       u'François Hollande', u'Emmanuel Macron', u'François Bayrou',
       u'Alain Juppé', u'François Fillon', u'Nicolas Sarkozy',
       u'Nicolas Dupont-Aignan', u'Marine Le Pen'],
      dtype='object')
Index([u'Sondeur', u'Date', u'Échantillon', u'Jacques Cheminade',
       u'Nathalie Arthaud', u'Philippe Poutou', u'Olivier Besancenot',
       u'Jean-Luc Mélenchon', u'Cécile Duflot', u'Arnaud Montebourg',
       u'François Hollande', u'Manuel Valls', u'François Bayrou',
       u'Alain Juppé', u'Nicolas Sarkozy', u'Nicolas Dupont-Aignan',
       u'Philippe de Villiers', u'Marine Le Pen'],
      dtype='object')
Index([u'Sondeur', u'Date', u'Échantillon', u'Jacques Cheminade',
       u'Nathalie Arthaud', u'Philippe Poutou', u'Jean-Luc Mélenchon',
       u'Eva Joly', u'Cécile Duflot', u'Arnaud Montebourg', u'Martine Aubry',
       u'François Hollande', u'Manuel Valls', u'François Bayrou',
       u'Alain Juppé', u'François Fillon', u'Nicolas Sarkozy',
       u'Nicolas Dupont-Aignan', u'Marine Le Pen'],
      dtype='object')
Index([u'Sondeur', u'Date', u'Échantillon', u'Jacques Cheminade',
       u'Nathalie Arthaud', u'Philippe Poutou', u'Jean-Luc Mélenchon',
       u'Eva Joly', u'François Hollande', u'François Bayrou',
       u'François Fillon', u'Jean-François Copé', u'Nicolas Sarkozy',
       u'Nicolas Dupont-Aignan', u'Marine Le Pen'],
      dtype='object')
Index([u'Sondeur', u'Date', u'Échantillon', u'Nathalie Arthaud',
       u'Philippe Poutou', u'Jean-Luc Mélenchon', u'Eva Joly',
       u'François Hollande', u'François Bayrou', u'Nicolas Sarkozy',
       u'Nicolas Dupont-Aignan', u'Marine Le Pen'],
      dtype='object')
Index([u'Sondeur', u'Date', u'Échantillon', u'Région', u'Nathalie Arthaud',
       u'Philippe Poutou', u'Jean-Luc Mélenchon', u'Benoît Hamon',
       u'Emmanuel Macron', u'François Fillon', u'Nicolas Dupont-Aignan',
       u'François Asselineau', u'Marine Le Pen', u'Jacques Cheminade'],
      dtype='object')
Index([u'Sondeur', u'Date', u'Échantillon', u'Abstention',
       u'Nathalie\nArthaud', u'Philippe\nPoutou', u'Jean-Luc\nMélenchon',
       u'Benoît\nHamon', u'Emmanuel\nMacron', u'François\nFillon',
       u'Nicolas\nDupont-Aignan', u'Marine\nLe Pen', u'Jacques\nCheminade'],
      dtype='object')
Index([u'Sondeur', u'Date', u'Échantillon', u'Abstention, blanc ou nul',
       u'Emmanuel Macron', u'Marine Le Pen'],
      dtype='object')
Index([u'Sondeur', u'Date', u'Échantillon', u'Abstention, blanc ou nul',
       u'François Fillon', u'Marine Le Pen'],
      dtype='object')
Index([u'Sondeur', u'Date', u'Échantillon', u'Abstention, blanc ou nul',
       u'Emmanuel Macron', u'François Fillon'],
      dtype='object')
Index([u'Sondeur', u'Date', u'Échantillon', u'Emmanuel Macron',
       u'Marine Le Pen'],
      dtype='object')
Index([u'Sondeur', u'Date', u'Échantillon', u'Emmanuel Macron',
       u'François Fillon'],
      dtype='object')
Index([u'Sondeur', u'Date', u'Échantillon', u'François Fillon',
       u'Marine Le Pen'],
      dtype='object')
Index([u'Sondeur', u'Date', u'Échantillon', u'Benoît Hamon', u'Marine Le Pen'], dtype='object')
Index([u'Sondeur', u'Date', u'Échantillon', u'Benoît Hamon',
       u'François Fillon'],
      dtype='object')
Index([u'Sondeur', u'Date', u'Échantillon', u'Jean-Luc Mélenchon',
       u'Marine Le Pen'],
      dtype='object')
Index([u'Sondeur', u'Date', u'Échantillon', u'Abstention, blanc ou nul',
       u'Manuel Valls', u'Marine Le Pen'],
      dtype='object')
Index([u'Sondeur', u'Date', u'Échantillon', u'Abstention, blanc ou nul',
       u'Emmanuel Macron', u'Alain Juppé'],
      dtype='object')
Index([u'Sondeur', u'Date', u'Échantillon', u'Abstention, blanc ou nul',
       u'Alain Juppé', u'Marine Le Pen'],
      dtype='object')
Index([u'Sondeur', u'Date', u'Échantillon', u'Abstention, blanc ou nul',
       u'François Hollande', u'Alain Juppé'],
      dtype='object')
Index([u'Sondeur', u'Date', u'Échantillon', u'Abstention, blanc ou nul',
       u'François Hollande', u'Nicolas Sarkozy'],
      dtype='object')
Index([u'Sondeur', u'Date', u'Échantillon', u'Abstention, blanc ou nul',
       u'Nicolas Sarkozy', u'Marine Le Pen'],
      dtype='object')
Index([u'Sondeur', u'Date', u'Échantillon', u'Abstention, blanc ou nul',
       u'Manuel Valls', u'Nicolas Sarkozy'],
      dtype='object')
Index([u'Sondeur', u'Date', u'Échantillon', u'Abstention, blanc ou nul',
       u'Emmanuel Macron', u'Nicolas Sarkozy'],
      dtype='object')
Index([u'Sondeur', u'Date', u'Échantillon', u'Abstention, blanc ou nul',
       u'Bruno Le Maire', u'Marine Le Pen'],
      dtype='object')
Index([u'Sondeur', u'Date', u'Échantillon', u'Abstention, blanc ou nul',
       u'François Hollande', u'François Fillon'],
      dtype='object')
Index([u'Sondeur', u'Date', u'Échantillon', u'Abstention, blanc ou nul',
       u'François Hollande', u'Marine Le Pen'],
      dtype='object')
            Benoît Hamon  Emmanuel Macron  François Fillon  \
2017-01-04           6.0             18.5             24.3   
2017-01-10           7.0             19.0             24.0   
2017-01-16           8.0             19.0             25.5   
2017-01-22          14.0             20.5             21.5   
2017-01-28          17.0             21.3             19.8   
2017-02-03          15.2             21.3             18.2   
2017-02-09          15.2             21.3             18.1   
2017-02-15          14.7             19.4             19.6   
2017-02-21          13.5             23.0             19.8   
2017-02-27          14.0             24.2             19.2   
2017-03-05          13.7             25.5             19.2   
2017-03-11          12.6             25.8             18.8   
2017-03-17          12.4             25.7             17.8   
2017-03-23          11.3             24.7             18.2   
2017-03-29           NaN              NaN              NaN   

            Jean-Luc Mélenchon  Marine Le Pen  Nicolas Dupont-Aignan  
2017-01-04                12.8           24.8                    1.5  
2017-01-10                14.3           25.3                    2.5  
2017-01-16                14.0           27.0                    2.0  
2017-01-22                10.0           25.0                    3.2  
2017-01-28                10.1           25.2                    1.7  
2017-02-03                11.2           25.3                    2.2  
2017-02-09                12.0           24.8                    2.7  
2017-02-15                12.1           26.5                    2.8  
2017-02-21                11.5           26.4                    2.4  
2017-02-27                11.1           26.3                    2.8  
2017-03-05                11.6           26.0                    2.8  
2017-03-11                11.1           26.9                    3.2  
2017-03-17                12.8           25.3                    3.8  
2017-03-23                13.8           25.0                    4.0  
2017-03-29                 NaN            NaN                    NaN  
Done
