Valls
valls|@manuelvalls|#valls
{'name': 'Valls', 'size': 17418}
Macron
macron|#macron|@EmmanuelMacron
{'name': 'Macron', 'size': 9798}
MLP
@MLP_officiel|#MLP|lepen
{'name': 'MLP', 'size': 2865}
Jadot
Jadot|#Jadot|@yjadot
{'name': 'Jadot', 'size': 564}
Melenchon
Melenchon|#Melenchon|@JLMelechon
{'name': 'Melenchon', 'size': 3343}
Bayrou
Bayrou|#Bayrou|@bayrou
{'name': 'Bayrou', 'size': 634}
Poutou
Poutou|#Poutou|@PhilippePoutou
{'name': 'Poutou', 'size': 203}
Peillon
Peillon|#peillon|@Vincent_Peillon
{'name': 'Peillon', 'size': 3444}
Rugy
#Rugy|Rugy|@FdeRugy
{'name': 'Rugy', 'size': 802}
Hamon
Hamon|#hamon|@benoithamon
{'name': 'Hamon', 'size': 7311}
Pinel
pinel|#pinel|@SylviaPinel
{'name': 'Pinel', 'size': 632}
Bennhamias
bennhamias|#bennhamias|@JLBennhamias
{'name': 'Bennhamias', 'size': 2}
Montebourg
montebourg|#montebourg|@montebourg
{'name': 'Montebourg', 'size': 3144}
Fillon
Fillon|#Fillon|@FrancoisFillon
{'name': 'Fillon', 'size': 33291}
{'Fillon': {'name': 'Fillon', 'size': 33291}, 'Macron': {'name': 'Macron', 'size': 9798}, 'Bennhamias': {'name': 'Bennhamias', 'size': 2}, 'Pinel': {'name': 'Pinel', 'size': 632}, 'Melenchon': {'name': 'Melenchon', 'size': 3343}, 'Poutou': {'name': 'Poutou', 'size': 203}, 'MLP': {'name': 'MLP', 'size': 2865}, 'Bayrou': {'name': 'Bayrou', 'size': 634}, 'Rugy': {'name': 'Rugy', 'size': 802}, 'Montebourg': {'name': 'Montebourg', 'size': 3144}, 'Hamon': {'name': 'Hamon', 'size': 7311}, 'Jadot': {'name': 'Jadot', 'size': 564}, 'Peillon': {'name': 'Peillon', 'size': 3444}, 'Valls': {'name': 'Valls', 'size': 17418}}
{'name': 'twitter_mentions', 'children': [{'name': 'Fillon', 'size': 33291}, {'name': 'Macron', 'size': 9798}, {'name': 'Bennhamias', 'size': 2}, {'name': 'Pinel', 'size': 632}, {'name': 'Melenchon', 'size': 3343}, {'name': 'Poutou', 'size': 203}, {'name': 'MLP', 'size': 2865}, {'name': 'Bayrou', 'size': 634}, {'name': 'Rugy', 'size': 802}, {'name': 'Montebourg', 'size': 3144}, {'name': 'Hamon', 'size': 7311}, {'name': 'Jadot', 'size': 564}, {'name': 'Peillon', 'size': 3444}, {'name': 'Valls', 'size': 17418}]}
Valls
valls|@manuelvalls|#valls
{'name': 'Valls', 'size': 6919}
Macron
macron|#macron|@EmmanuelMacron
{'name': 'Macron', 'size': 13872}
MLP
@MLP_officiel|#MLP|lepen
{'name': 'MLP', 'size': 5163}
Jadot
Jadot|#Jadot|@yjadot
{'name': 'Jadot', 'size': 671}
Melenchon
Melenchon|#Melenchon|@JLMelechon
{'name': 'Melenchon', 'size': 4213}
Bayrou
Bayrou|#Bayrou|@bayrou
{'name': 'Bayrou', 'size': 440}
Poutou
Poutou|#Poutou|@PhilippePoutou
{'name': 'Poutou', 'size': 430}
Peillon
Peillon|#peillon|@Vincent_Peillon
{'name': 'Peillon', 'size': 3779}
Rugy
#Rugy|Rugy|@FdeRugy
{'name': 'Rugy', 'size': 1045}
Hamon
Hamon|#hamon|@benoithamon
{'name': 'Hamon', 'size': 9243}
Pinel
pinel|#pinel|@SylviaPinel
{'name': 'Pinel', 'size': 357}
Bennhamias
bennhamias|#bennhamias|@JLBennhamias
{'name': 'Bennhamias', 'size': 4}
Montebourg
montebourg|#montebourg|@montebourg
{'name': 'Montebourg', 'size': 3074}
Fillon
Fillon|#Fillon|@FrancoisFillon
{'name': 'Fillon', 'size': 25417}
{'Fillon': {'name': 'Fillon', 'size': 25417}, 'Macron': {'name': 'Macron', 'size': 13872}, 'Bennhamias': {'name': 'Bennhamias', 'size': 4}, 'Pinel': {'name': 'Pinel', 'size': 357}, 'Melenchon': {'name': 'Melenchon', 'size': 4213}, 'Poutou': {'name': 'Poutou', 'size': 430}, 'MLP': {'name': 'MLP', 'size': 5163}, 'Bayrou': {'name': 'Bayrou', 'size': 440}, 'Rugy': {'name': 'Rugy', 'size': 1045}, 'Montebourg': {'name': 'Montebourg', 'size': 3074}, 'Hamon': {'name': 'Hamon', 'size': 9243}, 'Jadot': {'name': 'Jadot', 'size': 671}, 'Peillon': {'name': 'Peillon', 'size': 3779}, 'Valls': {'name': 'Valls', 'size': 6919}}
{'name': 'twitter_mentions', 'children': [{'name': 'Fillon', 'size': 25417}, {'name': 'Macron', 'size': 13872}, {'name': 'Bennhamias', 'size': 4}, {'name': 'Pinel', 'size': 357}, {'name': 'Melenchon', 'size': 4213}, {'name': 'Poutou', 'size': 430}, {'name': 'MLP', 'size': 5163}, {'name': 'Bayrou', 'size': 440}, {'name': 'Rugy', 'size': 1045}, {'name': 'Montebourg', 'size': 3074}, {'name': 'Hamon', 'size': 9243}, {'name': 'Jadot', 'size': 671}, {'name': 'Peillon', 'size': 3779}, {'name': 'Valls', 'size': 6919}]}
Valls
valls|@manuelvalls|#valls
{'name': 'Valls', 'size': 13334}
Macron
macron|#macron|@EmmanuelMacron
{'name': 'Macron', 'size': 12026}
MLP
@MLP_officiel|#MLP|lepen
{'name': 'MLP', 'size': 3865}
Jadot
Jadot|#Jadot|@yjadot
{'name': 'Jadot', 'size': 853}
Melenchon
Melenchon|#Melenchon|@JLMelechon
{'name': 'Melenchon', 'size': 7087}
Bayrou
Bayrou|#Bayrou|@bayrou
{'name': 'Bayrou', 'size': 626}
Poutou
Poutou|#Poutou|@PhilippePoutou
{'name': 'Poutou', 'size': 143}
Peillon
Peillon|#peillon|@Vincent_Peillon
{'name': 'Peillon', 'size': 18249}
Rugy
#Rugy|Rugy|@FdeRugy
{'name': 'Rugy', 'size': 5920}
Hamon
Hamon|#hamon|@benoithamon
{'name': 'Hamon', 'size': 22923}
Pinel
pinel|#pinel|@SylviaPinel
{'name': 'Pinel', 'size': 2876}
Bennhamias
bennhamias|#bennhamias|@JLBennhamias
{'name': 'Bennhamias', 'size': 36}
Montebourg
montebourg|#montebourg|@montebourg
{'name': 'Montebourg', 'size': 12354}
Fillon
Fillon|#Fillon|@FrancoisFillon
{'name': 'Fillon', 'size': 21501}
{'Fillon': {'name': 'Fillon', 'size': 21501}, 'Macron': {'name': 'Macron', 'size': 12026}, 'Bennhamias': {'name': 'Bennhamias', 'size': 36}, 'Pinel': {'name': 'Pinel', 'size': 2876}, 'Melenchon': {'name': 'Melenchon', 'size': 7087}, 'Poutou': {'name': 'Poutou', 'size': 143}, 'MLP': {'name': 'MLP', 'size': 3865}, 'Bayrou': {'name': 'Bayrou', 'size': 626}, 'Rugy': {'name': 'Rugy', 'size': 5920}, 'Montebourg': {'name': 'Montebourg', 'size': 12354}, 'Hamon': {'name': 'Hamon', 'size': 22923}, 'Jadot': {'name': 'Jadot', 'size': 853}, 'Peillon': {'name': 'Peillon', 'size': 18249}, 'Valls': {'name': 'Valls', 'size': 13334}}
{'name': 'twitter_mentions', 'children': [{'name': 'Fillon', 'size': 21501}, {'name': 'Macron', 'size': 12026}, {'name': 'Bennhamias', 'size': 36}, {'name': 'Pinel', 'size': 2876}, {'name': 'Melenchon', 'size': 7087}, {'name': 'Poutou', 'size': 143}, {'name': 'MLP', 'size': 3865}, {'name': 'Bayrou', 'size': 626}, {'name': 'Rugy', 'size': 5920}, {'name': 'Montebourg', 'size': 12354}, {'name': 'Hamon', 'size': 22923}, {'name': 'Jadot', 'size': 853}, {'name': 'Peillon', 'size': 18249}, {'name': 'Valls', 'size': 13334}]}
Valls
valls|@manuelvalls|#valls
{'name': 'Valls', 'size': 9483}
Macron
macron|#macron|@EmmanuelMacron
{'name': 'Macron', 'size': 21907}
MLP
@MLP_officiel|#MLP|lepen
{'name': 'MLP', 'size': 2968}
Jadot
Jadot|#Jadot|@yjadot
{'name': 'Jadot', 'size': 679}
Melenchon
Melenchon|#Melenchon|@JLMelechon
{'name': 'Melenchon', 'size': 3731}
Bayrou
Bayrou|#Bayrou|@bayrou
{'name': 'Bayrou', 'size': 242}
Poutou
Poutou|#Poutou|@PhilippePoutou
{'name': 'Poutou', 'size': 153}
Peillon
Peillon|#peillon|@Vincent_Peillon
{'name': 'Peillon', 'size': 3540}
Rugy
#Rugy|Rugy|@FdeRugy
{'name': 'Rugy', 'size': 452}
Hamon
Hamon|#hamon|@benoithamon
{'name': 'Hamon', 'size': 4772}
Pinel
pinel|#pinel|@SylviaPinel
{'name': 'Pinel', 'size': 222}
Bennhamias
bennhamias|#bennhamias|@JLBennhamias
{'name': 'Bennhamias', 'size': 6}
Montebourg
montebourg|#montebourg|@montebourg
{'name': 'Montebourg', 'size': 2371}
Fillon
Fillon|#Fillon|@FrancoisFillon
{'name': 'Fillon', 'size': 33353}
{'Fillon': {'name': 'Fillon', 'size': 33353}, 'Macron': {'name': 'Macron', 'size': 21907}, 'Bennhamias': {'name': 'Bennhamias', 'size': 6}, 'Pinel': {'name': 'Pinel', 'size': 222}, 'Melenchon': {'name': 'Melenchon', 'size': 3731}, 'Poutou': {'name': 'Poutou', 'size': 153}, 'MLP': {'name': 'MLP', 'size': 2968}, 'Bayrou': {'name': 'Bayrou', 'size': 242}, 'Rugy': {'name': 'Rugy', 'size': 452}, 'Montebourg': {'name': 'Montebourg', 'size': 2371}, 'Hamon': {'name': 'Hamon', 'size': 4772}, 'Jadot': {'name': 'Jadot', 'size': 679}, 'Peillon': {'name': 'Peillon', 'size': 3540}, 'Valls': {'name': 'Valls', 'size': 9483}}
{'name': 'twitter_mentions', 'children': [{'name': 'Fillon', 'size': 33353}, {'name': 'Macron', 'size': 21907}, {'name': 'Bennhamias', 'size': 6}, {'name': 'Pinel', 'size': 222}, {'name': 'Melenchon', 'size': 3731}, {'name': 'Poutou', 'size': 153}, {'name': 'MLP', 'size': 2968}, {'name': 'Bayrou', 'size': 242}, {'name': 'Rugy', 'size': 452}, {'name': 'Montebourg', 'size': 2371}, {'name': 'Hamon', 'size': 4772}, {'name': 'Jadot', 'size': 679}, {'name': 'Peillon', 'size': 3540}, {'name': 'Valls', 'size': 9483}]}
Valls
valls|@manuelvalls|#valls
{'name': 'Valls', 'size': 4788}
Macron
macron|#macron|@EmmanuelMacron
{'name': 'Macron', 'size': 6179}
MLP
@MLP_officiel|#MLP|lepen
{'name': 'MLP', 'size': 4035}
Jadot
Jadot|#Jadot|@yjadot
{'name': 'Jadot', 'size': 698}
Melenchon
Melenchon|#Melenchon|@JLMelechon
{'name': 'Melenchon', 'size': 4290}
Bayrou
Bayrou|#Bayrou|@bayrou
{'name': 'Bayrou', 'size': 317}
Poutou
Poutou|#Poutou|@PhilippePoutou
{'name': 'Poutou', 'size': 269}
Peillon
Peillon|#peillon|@Vincent_Peillon
{'name': 'Peillon', 'size': 4867}
Rugy
#Rugy|Rugy|@FdeRugy
{'name': 'Rugy', 'size': 909}
Hamon
Hamon|#hamon|@benoithamon
{'name': 'Hamon', 'size': 6556}
Pinel
pinel|#pinel|@SylviaPinel
{'name': 'Pinel', 'size': 592}
Bennhamias
bennhamias|#bennhamias|@JLBennhamias
{'name': 'Bennhamias', 'size': 33}
Montebourg
montebourg|#montebourg|@montebourg
{'name': 'Montebourg', 'size': 3297}
Fillon
Fillon|#Fillon|@FrancoisFillon
{'name': 'Fillon', 'size': 23177}
{'Fillon': {'name': 'Fillon', 'size': 23177}, 'Macron': {'name': 'Macron', 'size': 6179}, 'Bennhamias': {'name': 'Bennhamias', 'size': 33}, 'Pinel': {'name': 'Pinel', 'size': 592}, 'Melenchon': {'name': 'Melenchon', 'size': 4290}, 'Poutou': {'name': 'Poutou', 'size': 269}, 'MLP': {'name': 'MLP', 'size': 4035}, 'Bayrou': {'name': 'Bayrou', 'size': 317}, 'Rugy': {'name': 'Rugy', 'size': 909}, 'Montebourg': {'name': 'Montebourg', 'size': 3297}, 'Hamon': {'name': 'Hamon', 'size': 6556}, 'Jadot': {'name': 'Jadot', 'size': 698}, 'Peillon': {'name': 'Peillon', 'size': 4867}, 'Valls': {'name': 'Valls', 'size': 4788}}
{'name': 'twitter_mentions', 'children': [{'name': 'Fillon', 'size': 23177}, {'name': 'Macron', 'size': 6179}, {'name': 'Bennhamias', 'size': 33}, {'name': 'Pinel', 'size': 592}, {'name': 'Melenchon', 'size': 4290}, {'name': 'Poutou', 'size': 269}, {'name': 'MLP', 'size': 4035}, {'name': 'Bayrou', 'size': 317}, {'name': 'Rugy', 'size': 909}, {'name': 'Montebourg', 'size': 3297}, {'name': 'Hamon', 'size': 6556}, {'name': 'Jadot', 'size': 698}, {'name': 'Peillon', 'size': 4867}, {'name': 'Valls', 'size': 4788}]}
Valls
valls|@manuelvalls|#valls
{'name': 'Valls', 'size': 13517}
Macron
macron|#macron|@EmmanuelMacron
{'name': 'Macron', 'size': 7560}
MLP
@MLP_officiel|#MLP|lepen
{'name': 'MLP', 'size': 12895}
Jadot
Jadot|#Jadot|@yjadot
{'name': 'Jadot', 'size': 2041}
Melenchon
Melenchon|#Melenchon|@JLMelechon
{'name': 'Melenchon', 'size': 10660}
Bayrou
Bayrou|#Bayrou|@bayrou
{'name': 'Bayrou', 'size': 982}
Poutou
Poutou|#Poutou|@PhilippePoutou
{'name': 'Poutou', 'size': 100}
Peillon
Peillon|#peillon|@Vincent_Peillon
{'name': 'Peillon', 'size': 21919}
Rugy
#Rugy|Rugy|@FdeRugy
{'name': 'Rugy', 'size': 6651}
Hamon
Hamon|#hamon|@benoithamon
{'name': 'Hamon', 'size': 21931}
Pinel
pinel|#pinel|@SylviaPinel
{'name': 'Pinel', 'size': 3916}
Bennhamias
bennhamias|#bennhamias|@JLBennhamias
{'name': 'Bennhamias', 'size': 119}
Montebourg
montebourg|#montebourg|@montebourg
{'name': 'Montebourg', 'size': 9969}
Fillon
Fillon|#Fillon|@FrancoisFillon
{'name': 'Fillon', 'size': 30779}
{'Fillon': {'name': 'Fillon', 'size': 30779}, 'Macron': {'name': 'Macron', 'size': 7560}, 'Bennhamias': {'name': 'Bennhamias', 'size': 119}, 'Pinel': {'name': 'Pinel', 'size': 3916}, 'Melenchon': {'name': 'Melenchon', 'size': 10660}, 'Poutou': {'name': 'Poutou', 'size': 100}, 'MLP': {'name': 'MLP', 'size': 12895}, 'Bayrou': {'name': 'Bayrou', 'size': 982}, 'Rugy': {'name': 'Rugy', 'size': 6651}, 'Montebourg': {'name': 'Montebourg', 'size': 9969}, 'Hamon': {'name': 'Hamon', 'size': 21931}, 'Jadot': {'name': 'Jadot', 'size': 2041}, 'Peillon': {'name': 'Peillon', 'size': 21919}, 'Valls': {'name': 'Valls', 'size': 13517}}
{'name': 'twitter_mentions', 'children': [{'name': 'Fillon', 'size': 30779}, {'name': 'Macron', 'size': 7560}, {'name': 'Bennhamias', 'size': 119}, {'name': 'Pinel', 'size': 3916}, {'name': 'Melenchon', 'size': 10660}, {'name': 'Poutou', 'size': 100}, {'name': 'MLP', 'size': 12895}, {'name': 'Bayrou', 'size': 982}, {'name': 'Rugy', 'size': 6651}, {'name': 'Montebourg', 'size': 9969}, {'name': 'Hamon', 'size': 21931}, {'name': 'Jadot', 'size': 2041}, {'name': 'Peillon', 'size': 21919}, {'name': 'Valls', 'size': 13517}]}
Valls
valls|@manuelvalls|#valls
{'name': 'Valls', 'size': 3537}
Macron
macron|#macron|@EmmanuelMacron
{'name': 'Macron', 'size': 10716}
MLP
@MLP_officiel|#MLP|lepen
{'name': 'MLP', 'size': 3174}
Jadot
Jadot|#Jadot|@yjadot
{'name': 'Jadot', 'size': 4677}
Melenchon
Melenchon|#Melenchon|@JLMelechon
{'name': 'Melenchon', 'size': 7321}
Bayrou
Bayrou|#Bayrou|@bayrou
{'name': 'Bayrou', 'size': 1824}
Poutou
Poutou|#Poutou|@PhilippePoutou
{'name': 'Poutou', 'size': 76}
Peillon
Peillon|#peillon|@Vincent_Peillon
{'name': 'Peillon', 'size': 5263}
Rugy
#Rugy|Rugy|@FdeRugy
{'name': 'Rugy', 'size': 719}
Hamon
Hamon|#hamon|@benoithamon
{'name': 'Hamon', 'size': 4295}
Pinel
pinel|#pinel|@SylviaPinel
{'name': 'Pinel', 'size': 345}
Bennhamias
bennhamias|#bennhamias|@JLBennhamias
{'name': 'Bennhamias', 'size': 2}
Montebourg
montebourg|#montebourg|@montebourg
{'name': 'Montebourg', 'size': 1686}
Fillon
Fillon|#Fillon|@FrancoisFillon
{'name': 'Fillon', 'size': 47442}
{'Fillon': {'name': 'Fillon', 'size': 47442}, 'Macron': {'name': 'Macron', 'size': 10716}, 'Bennhamias': {'name': 'Bennhamias', 'size': 2}, 'Pinel': {'name': 'Pinel', 'size': 345}, 'Melenchon': {'name': 'Melenchon', 'size': 7321}, 'Poutou': {'name': 'Poutou', 'size': 76}, 'MLP': {'name': 'MLP', 'size': 3174}, 'Bayrou': {'name': 'Bayrou', 'size': 1824}, 'Rugy': {'name': 'Rugy', 'size': 719}, 'Montebourg': {'name': 'Montebourg', 'size': 1686}, 'Hamon': {'name': 'Hamon', 'size': 4295}, 'Jadot': {'name': 'Jadot', 'size': 4677}, 'Peillon': {'name': 'Peillon', 'size': 5263}, 'Valls': {'name': 'Valls', 'size': 3537}}
{'name': 'twitter_mentions', 'children': [{'name': 'Fillon', 'size': 47442}, {'name': 'Macron', 'size': 10716}, {'name': 'Bennhamias', 'size': 2}, {'name': 'Pinel', 'size': 345}, {'name': 'Melenchon', 'size': 7321}, {'name': 'Poutou', 'size': 76}, {'name': 'MLP', 'size': 3174}, {'name': 'Bayrou', 'size': 1824}, {'name': 'Rugy', 'size': 719}, {'name': 'Montebourg', 'size': 1686}, {'name': 'Hamon', 'size': 4295}, {'name': 'Jadot', 'size': 4677}, {'name': 'Peillon', 'size': 5263}, {'name': 'Valls', 'size': 3537}]}
Valls
valls|@manuelvalls|#valls
{'name': 'Valls', 'size': 5226}
Macron
macron|#macron|@EmmanuelMacron
{'name': 'Macron', 'size': 7065}
MLP
@MLP_officiel|#MLP|lepen
{'name': 'MLP', 'size': 5446}
Jadot
Jadot|#Jadot|@yjadot
{'name': 'Jadot', 'size': 714}
Melenchon
Melenchon|#Melenchon|@JLMelechon
{'name': 'Melenchon', 'size': 3961}
Bayrou
Bayrou|#Bayrou|@bayrou
{'name': 'Bayrou', 'size': 2763}
Poutou
Poutou|#Poutou|@PhilippePoutou
{'name': 'Poutou', 'size': 120}
Peillon
Peillon|#peillon|@Vincent_Peillon
{'name': 'Peillon', 'size': 3424}
Rugy
#Rugy|Rugy|@FdeRugy
{'name': 'Rugy', 'size': 388}
Hamon
Hamon|#hamon|@benoithamon
{'name': 'Hamon', 'size': 5507}
Pinel
pinel|#pinel|@SylviaPinel
{'name': 'Pinel', 'size': 421}
Bennhamias
bennhamias|#bennhamias|@JLBennhamias
no tweet
Montebourg
montebourg|#montebourg|@montebourg
{'name': 'Montebourg', 'size': 3241}
Fillon
Fillon|#Fillon|@FrancoisFillon
{'name': 'Fillon', 'size': 34583}
{'Fillon': {'name': 'Fillon', 'size': 34583}, 'Macron': {'name': 'Macron', 'size': 7065}, 'Bennhamias': {'name': 'Bennhamias', 'size': 2}, 'Pinel': {'name': 'Pinel', 'size': 421}, 'Melenchon': {'name': 'Melenchon', 'size': 3961}, 'Poutou': {'name': 'Poutou', 'size': 120}, 'MLP': {'name': 'MLP', 'size': 5446}, 'Bayrou': {'name': 'Bayrou', 'size': 2763}, 'Rugy': {'name': 'Rugy', 'size': 388}, 'Montebourg': {'name': 'Montebourg', 'size': 3241}, 'Hamon': {'name': 'Hamon', 'size': 5507}, 'Jadot': {'name': 'Jadot', 'size': 714}, 'Peillon': {'name': 'Peillon', 'size': 3424}, 'Valls': {'name': 'Valls', 'size': 5226}}
{'name': 'twitter_mentions', 'children': [{'name': 'Fillon', 'size': 34583}, {'name': 'Macron', 'size': 7065}, {'name': 'Bennhamias', 'size': 2}, {'name': 'Pinel', 'size': 421}, {'name': 'Melenchon', 'size': 3961}, {'name': 'Poutou', 'size': 120}, {'name': 'MLP', 'size': 5446}, {'name': 'Bayrou', 'size': 2763}, {'name': 'Rugy', 'size': 388}, {'name': 'Montebourg', 'size': 3241}, {'name': 'Hamon', 'size': 5507}, {'name': 'Jadot', 'size': 714}, {'name': 'Peillon', 'size': 3424}, {'name': 'Valls', 'size': 5226}]}
Valls
valls|@manuelvalls|#valls
{'name': 'Valls', 'size': 3330}
Macron
macron|#macron|@EmmanuelMacron
{'name': 'Macron', 'size': 3134}
MLP
@MLP_officiel|#MLP|lepen
{'name': 'MLP', 'size': 3974}
Jadot
Jadot|#Jadot|@yjadot
{'name': 'Jadot', 'size': 357}
Melenchon
Melenchon|#Melenchon|@JLMelechon
{'name': 'Melenchon', 'size': 4683}
Bayrou
Bayrou|#Bayrou|@bayrou
{'name': 'Bayrou', 'size': 623}
Poutou
Poutou|#Poutou|@PhilippePoutou
{'name': 'Poutou', 'size': 59}
Peillon
Peillon|#peillon|@Vincent_Peillon
{'name': 'Peillon', 'size': 3066}
Rugy
#Rugy|Rugy|@FdeRugy
{'name': 'Rugy', 'size': 282}
Hamon
Hamon|#hamon|@benoithamon
{'name': 'Hamon', 'size': 2652}
Pinel
pinel|#pinel|@SylviaPinel
{'name': 'Pinel', 'size': 116}
Bennhamias
bennhamias|#bennhamias|@JLBennhamias
no tweet
Montebourg
montebourg|#montebourg|@montebourg
{'name': 'Montebourg', 'size': 2082}
Fillon
Fillon|#Fillon|@FrancoisFillon
{'name': 'Fillon', 'size': 15421}
{'Fillon': {'name': 'Fillon', 'size': 15421}, 'Macron': {'name': 'Macron', 'size': 3134}, 'Bennhamias': {'name': 'Bennhamias', 'size': 2}, 'Pinel': {'name': 'Pinel', 'size': 116}, 'Melenchon': {'name': 'Melenchon', 'size': 4683}, 'Poutou': {'name': 'Poutou', 'size': 59}, 'MLP': {'name': 'MLP', 'size': 3974}, 'Bayrou': {'name': 'Bayrou', 'size': 623}, 'Rugy': {'name': 'Rugy', 'size': 282}, 'Montebourg': {'name': 'Montebourg', 'size': 2082}, 'Hamon': {'name': 'Hamon', 'size': 2652}, 'Jadot': {'name': 'Jadot', 'size': 357}, 'Peillon': {'name': 'Peillon', 'size': 3066}, 'Valls': {'name': 'Valls', 'size': 3330}}
{'name': 'twitter_mentions', 'children': [{'name': 'Fillon', 'size': 15421}, {'name': 'Macron', 'size': 3134}, {'name': 'Bennhamias', 'size': 2}, {'name': 'Pinel', 'size': 116}, {'name': 'Melenchon', 'size': 4683}, {'name': 'Poutou', 'size': 59}, {'name': 'MLP', 'size': 3974}, {'name': 'Bayrou', 'size': 623}, {'name': 'Rugy', 'size': 282}, {'name': 'Montebourg', 'size': 2082}, {'name': 'Hamon', 'size': 2652}, {'name': 'Jadot', 'size': 357}, {'name': 'Peillon', 'size': 3066}, {'name': 'Valls', 'size': 3330}]}
Valls
valls|@manuelvalls|#valls
no tweet
Macron
macron|#macron|@EmmanuelMacron
no tweet
MLP
@MLP_officiel|#MLP|lepen
no tweet
Jadot
Jadot|#Jadot|@yjadot
no tweet
Melenchon
Melenchon|#Melenchon|@JLMelechon
no tweet
Bayrou
Bayrou|#Bayrou|@bayrou
no tweet
Poutou
Poutou|#Poutou|@PhilippePoutou
no tweet
Peillon
Peillon|#peillon|@Vincent_Peillon
no tweet
Rugy
#Rugy|Rugy|@FdeRugy
no tweet
Hamon
Hamon|#hamon|@benoithamon
no tweet
Pinel
pinel|#pinel|@SylviaPinel
no tweet
Bennhamias
bennhamias|#bennhamias|@JLBennhamias
no tweet
Montebourg
montebourg|#montebourg|@montebourg
no tweet
Fillon
Fillon|#Fillon|@FrancoisFillon
no tweet
{'Fillon': {'name': 'Fillon', 'size': 15421}, 'Macron': {'name': 'Macron', 'size': 3134}, 'Bennhamias': {'name': 'Bennhamias', 'size': 2}, 'Pinel': {'name': 'Pinel', 'size': 116}, 'Melenchon': {'name': 'Melenchon', 'size': 4683}, 'Poutou': {'name': 'Poutou', 'size': 59}, 'MLP': {'name': 'MLP', 'size': 3974}, 'Bayrou': {'name': 'Bayrou', 'size': 623}, 'Rugy': {'name': 'Rugy', 'size': 282}, 'Montebourg': {'name': 'Montebourg', 'size': 2082}, 'Hamon': {'name': 'Hamon', 'size': 2652}, 'Jadot': {'name': 'Jadot', 'size': 357}, 'Peillon': {'name': 'Peillon', 'size': 3066}, 'Valls': {'name': 'Valls', 'size': 3330}}
{'name': 'twitter_mentions', 'children': [{'name': 'Fillon', 'size': 15421}, {'name': 'Macron', 'size': 3134}, {'name': 'Bennhamias', 'size': 2}, {'name': 'Pinel', 'size': 116}, {'name': 'Melenchon', 'size': 4683}, {'name': 'Poutou', 'size': 59}, {'name': 'MLP', 'size': 3974}, {'name': 'Bayrou', 'size': 623}, {'name': 'Rugy', 'size': 282}, {'name': 'Montebourg', 'size': 2082}, {'name': 'Hamon', 'size': 2652}, {'name': 'Jadot', 'size': 357}, {'name': 'Peillon', 'size': 3066}, {'name': 'Valls', 'size': 3330}]}
