('Maj du', datetime.date(2017, 3, 1))
--------------------
Le Pen
--------------------
('Analyzing Twitter account', 'MLP_officiel')
Scanning Youtube Channel
('Getting average metrics for the latest', 10, 'videos of the channel')
('Facebook page :', u'Marine Le Pen')
()
{'0_tw_followers': 1297942, '2_yt_subscribers': 13979, '4_yt_reaction_rate': 4.8, '5_yt_satisfaction_rate': 91.5, '3_yt_views_avg': 9822, '7_fb_talking_about': 212188, '6_fb_likes': 1232665}
--------------------
Melenchon
--------------------
('Analyzing Twitter account', 'JLMelenchon')
Scanning Youtube Channel
('Getting average metrics for the latest', 10, 'videos of the channel')
('Facebook page :', u'Jean-Luc M\xe9lenchon')
()
{'0_tw_followers': 978467, '2_yt_subscribers': 225818, '4_yt_reaction_rate': 11.3, '5_yt_satisfaction_rate': 98.8, '3_yt_views_avg': 44703, '7_fb_talking_about': 113809, '6_fb_likes': 668997}
--------------------
Macron
--------------------
('Analyzing Twitter account', 'emmanuelmacron')
Scanning Youtube Channel
('Getting average metrics for the latest', 10, 'videos of the channel')
('Facebook page :', u'Emmanuel Macron')
()
{'0_tw_followers': 526834, '2_yt_subscribers': 7752, '4_yt_reaction_rate': 4.1, '5_yt_satisfaction_rate': 54.4, '3_yt_views_avg': 5449, '7_fb_talking_about': 96401, '6_fb_likes': 184848}
--------------------
Fillon
--------------------
('Analyzing Twitter account', 'francoisfillon')
Scanning Youtube Channel
('Getting average metrics for the latest', 10, 'videos of the channel')
('Facebook page :', u'Fran\xe7ois Fillon')
()
{'0_tw_followers': 435289, '2_yt_subscribers': 4211, '4_yt_reaction_rate': 5.4, '5_yt_satisfaction_rate': 81.9, '3_yt_views_avg': 2976, '7_fb_talking_about': 48591, '6_fb_likes': 287490}
--------------------
Poutou
--------------------
('Analyzing Twitter account', 'PhilippePoutou')
No Youtube Channel
('Facebook page :', u'Philippe Poutou')
()
{'0_tw_followers': 97982, '2_yt_subscribers': '-', '4_yt_reaction_rate': '-', '5_yt_satisfaction_rate': '-', '3_yt_views_avg': '-', '7_fb_talking_about': 2803, '6_fb_likes': 11389}
--------------------
Hamon
--------------------
('Analyzing Twitter account', 'benoithamon')
Scanning Youtube Channel
('Getting average metrics for the latest', 10, 'videos of the channel')
('Facebook page :', u'Beno\xeet Hamon')
()
{'0_tw_followers': 335669, '2_yt_subscribers': 4987, '4_yt_reaction_rate': 6.4, '5_yt_satisfaction_rate': 77.8, '3_yt_views_avg': 1124, '7_fb_talking_about': 34014, '6_fb_likes': 130258}
Data saved as /var/www/html/duel/data/2017-03-01.json
